<?xml version="1.0" encoding="UTF-8"?>
<!-- Generated by org.testng.reporters.JUnitReportReporter -->
<testsuite skipped="1" hostname="LAPTOP-9DU3N0SD" name="com.testng.concepts.Ignore_Methods" tests="9" failures="0" timestamp="2022-03-30T09:13:47 IST" time="0.014" errors="0">
  <testcase name="Booking_cfm" time="0.008" classname="com.testng.concepts.Ignore_Methods"/>
  <system-out/>
  <testcase name="Details_enter" time="0.001" classname="com.testng.concepts.Ignore_Methods"/>
  <system-out/>
  <testcase name="Details_enter" time="0.002" classname="com.testng.concepts.Ignore_Methods"/>
  <system-out/>
  <testcase name="Details_enter" time="0.001" classname="com.testng.concepts.Ignore_Methods"/>
  <system-out/>
  <testcase name="browser_launch" time="0.000" classname="com.testng.concepts.Ignore_Methods"/>
  <system-out/>
  <testcase name="setProperty" time="0.001" classname="com.testng.concepts.Ignore_Methods"/>
  <system-out/>
  <testcase name="getUrl" time="0.001" classname="com.testng.concepts.Ignore_Methods"/>
  <system-out/>
  <testcase name="Logout_btn" time="0.000" classname="com.testng.concepts.Ignore_Methods"/>
  <system-out/>
  <testcase name="Selection" classname="com.testng.concepts.Ignore_Methods">
    <skipped/>
  </testcase> <!-- Selection -->
  <system-out/>
</testsuite> <!-- com.testng.concepts.Ignore_Methods -->
