<?xml version="1.0" encoding="UTF-8"?>
<!-- Generated by org.testng.reporters.JUnitReportReporter -->
<testsuite skipped="0" hostname="LAPTOP-9DU3N0SD" name="com.testng.task.Data_Provider" tests="2" failures="0" timestamp="2022-07-09T14:16:57 IST" time="0.005" errors="0">
  <testcase name="testMethod" time="0.005" classname="com.testng.task.Data_Provider"/>
  <system-out/>
  <testcase name="testMethod" time="0.000" classname="com.testng.task.Data_Provider"/>
  <system-out/>
</testsuite> <!-- com.testng.task.Data_Provider -->
