<?xml version="1.0" encoding="UTF-8"?>
<!-- Generated by org.testng.reporters.JUnitReportReporter -->
<testsuite skipped="0" hostname="LAPTOP-9DU3N0SD" name="com.testng.concepts.Group_Concepts" tests="8" failures="0" timestamp="2022-07-12T17:10:22 IST" time="0.012" errors="0">
  <testcase name="Bike" time="0.001" classname="com.testng.concepts.Group_Concepts"/>
  <system-out/>
  <testcase name="Car" time="0.001" classname="com.testng.concepts.Group_Concepts"/>
  <system-out/>
  <testcase name="Kurti" time="0.001" classname="com.testng.concepts.Group_Concepts"/>
  <system-out/>
  <testcase name="Lehenga" time="0.001" classname="com.testng.concepts.Group_Concepts"/>
  <system-out/>
  <testcase name="Cycle" time="0.001" classname="com.testng.concepts.Group_Concepts"/>
  <system-out/>
  <testcase name="Netflix" time="0.001" classname="com.testng.concepts.Group_Concepts"/>
  <system-out/>
  <testcase name="Amazon_Prime" time="0.006" classname="com.testng.concepts.Group_Concepts"/>
  <system-out/>
  <testcase name="Saree" time="0.000" classname="com.testng.concepts.Group_Concepts"/>
  <system-out/>
</testsuite> <!-- com.testng.concepts.Group_Concepts -->
