<?xml version="1.0" encoding="UTF-8"?>
<!-- Generated by org.testng.reporters.JUnitReportReporter -->
<testsuite skipped="0" hostname="LAPTOP-9DU3N0SD" name="com.testng.concepts.Soft_Assert" tests="1" failures="0" timestamp="2022-04-01T16:17:54 IST" time="0.012" errors="0">
  <testcase name="username" time="0.012" classname="com.testng.concepts.Soft_Assert"/>
  <system-out/>
</testsuite> <!-- com.testng.concepts.Soft_Assert -->
