<?xml version="1.0" encoding="UTF-8"?>
<!-- Generated by org.testng.reporters.JUnitReportReporter -->
<testsuite skipped="0" hostname="LAPTOP-9DU3N0SD" name="com.testng.concepts.Expected_Exception" tests="1" failures="0" timestamp="2022-03-30T12:02:21 IST" time="0.009" errors="0">
  <testcase name="calculator" time="0.009" classname="com.testng.concepts.Expected_Exception"/>
  <system-out/>
</testsuite> <!-- com.testng.concepts.Expected_Exception -->
