<?xml version="1.0" encoding="UTF-8"?>
<!-- Generated by org.testng.reporters.JUnitReportReporter -->
<testsuite skipped="0" hostname="LAPTOP-9DU3N0SD" name="com.testng.concepts.Annotation_Demo" tests="3" failures="0" timestamp="2022-07-12T17:08:20 IST" time="0.006" errors="0">
  <testcase name="Selection" time="0.001" classname="com.testng.concepts.Annotation_Demo"/>
  <system-out/>
  <testcase name="Booking_cfm" time="0.003" classname="com.testng.concepts.Annotation_Demo"/>
  <system-out/>
  <testcase name="Details_enter" time="0.002" classname="com.testng.concepts.Annotation_Demo"/>
  <system-out/>
</testsuite> <!-- com.testng.concepts.Annotation_Demo -->
